Sun Dec 01 2024 13:38:0 } [PH] error: 
Invalid `prisma.appointment.findMany()` invocation:


error: Environment variable not found: DATABASE_URL.
  -->  schema.prisma:10
   | 
 9 |   provider = "postgresql"
10 |   url      = env("DATABASE_URL")
   | 

Validation Error Count: 1
Sun Dec 01 2024 13:39:0 } [PH] error: 
Invalid `prisma.appointment.findMany()` invocation:


error: Environment variable not found: DATABASE_URL.
  -->  schema.prisma:10
   | 
 9 |   provider = "postgresql"
10 |   url      = env("DATABASE_URL")
   | 

Validation Error Count: 1
Sun Dec 01 2024 13:40:0 } [PH] error: 
Invalid `prisma.appointment.findMany()` invocation:


error: Environment variable not found: DATABASE_URL.
  -->  schema.prisma:10
   | 
 9 |   provider = "postgresql"
10 |   url      = env("DATABASE_URL")
   | 

Validation Error Count: 1
Sun Dec 01 2024 13:41:0 } [PH] error: 
Invalid `prisma.appointment.findMany()` invocation:


error: Environment variable not found: DATABASE_URL.
  -->  schema.prisma:10
   | 
 9 |   provider = "postgresql"
10 |   url      = env("DATABASE_URL")
   | 

Validation Error Count: 1
Sun Dec 01 2024 13:42:0 } [PH] error: 
Invalid `prisma.appointment.findMany()` invocation:


error: Environment variable not found: DATABASE_URL.
  -->  schema.prisma:10
   | 
 9 |   provider = "postgresql"
10 |   url      = env("DATABASE_URL")
   | 

Validation Error Count: 1
Sun Dec 01 2024 13:43:0 } [PH] error: 
Invalid `prisma.appointment.findMany()` invocation:


error: Environment variable not found: DATABASE_URL.
  -->  schema.prisma:10
   | 
 9 |   provider = "postgresql"
10 |   url      = env("DATABASE_URL")
   | 

Validation Error Count: 1
Sun Dec 01 2024 13:44:0 } [PH] error: 
Invalid `prisma.appointment.findMany()` invocation:


error: Environment variable not found: DATABASE_URL.
  -->  schema.prisma:10
   | 
 9 |   provider = "postgresql"
10 |   url      = env("DATABASE_URL")
   | 

Validation Error Count: 1
Sun Dec 01 2024 13:45:0 } [PH] error: 
Invalid `prisma.appointment.findMany()` invocation:


error: Environment variable not found: DATABASE_URL.
  -->  schema.prisma:10
   | 
 9 |   provider = "postgresql"
10 |   url      = env("DATABASE_URL")
   | 

Validation Error Count: 1
Sun Dec 01 2024 13:46:0 } [PH] error: 
Invalid `prisma.appointment.findMany()` invocation:


error: Environment variable not found: DATABASE_URL.
  -->  schema.prisma:10
   | 
 9 |   provider = "postgresql"
10 |   url      = env("DATABASE_URL")
   | 

Validation Error Count: 1
Sun Dec 01 2024 13:47:0 } [PH] error: 
Invalid `prisma.appointment.findMany()` invocation:


error: Environment variable not found: DATABASE_URL.
  -->  schema.prisma:10
   | 
 9 |   provider = "postgresql"
10 |   url      = env("DATABASE_URL")
   | 

Validation Error Count: 1
Sun Dec 01 2024 13:48:0 } [PH] error: 
Invalid `prisma.appointment.findMany()` invocation:


error: Environment variable not found: DATABASE_URL.
  -->  schema.prisma:10
   | 
 9 |   provider = "postgresql"
10 |   url      = env("DATABASE_URL")
   | 

Validation Error Count: 1
Sun Dec 01 2024 13:49:0 } [PH] error: 
Invalid `prisma.appointment.findMany()` invocation:


error: Environment variable not found: DATABASE_URL.
  -->  schema.prisma:10
   | 
 9 |   provider = "postgresql"
10 |   url      = env("DATABASE_URL")
   | 

Validation Error Count: 1
Sun Dec 01 2024 13:50:0 } [PH] error: 
Invalid `prisma.appointment.findMany()` invocation:


error: Environment variable not found: DATABASE_URL.
  -->  schema.prisma:10
   | 
 9 |   provider = "postgresql"
10 |   url      = env("DATABASE_URL")
   | 

Validation Error Count: 1
Sun Dec 01 2024 13:51:0 } [PH] error: 
Invalid `prisma.appointment.findMany()` invocation:


error: Environment variable not found: DATABASE_URL.
  -->  schema.prisma:10
   | 
 9 |   provider = "postgresql"
10 |   url      = env("DATABASE_URL")
   | 

Validation Error Count: 1
Sun Dec 01 2024 13:52:0 } [PH] error: 
Invalid `prisma.appointment.findMany()` invocation:


error: Environment variable not found: DATABASE_URL.
  -->  schema.prisma:10
   | 
 9 |   provider = "postgresql"
10 |   url      = env("DATABASE_URL")
   | 

Validation Error Count: 1
Sun Dec 01 2024 13:53:0 } [PH] error: 
Invalid `prisma.appointment.findMany()` invocation:


error: Environment variable not found: DATABASE_URL.
  -->  schema.prisma:10
   | 
 9 |   provider = "postgresql"
10 |   url      = env("DATABASE_URL")
   | 

Validation Error Count: 1
Sun Dec 01 2024 13:54:0 } [PH] error: 
Invalid `prisma.appointment.findMany()` invocation:


error: Environment variable not found: DATABASE_URL.
  -->  schema.prisma:10
   | 
 9 |   provider = "postgresql"
10 |   url      = env("DATABASE_URL")
   | 

Validation Error Count: 1
Sun Dec 01 2024 13:55:0 } [PH] error: 
Invalid `prisma.appointment.findMany()` invocation:


error: Environment variable not found: DATABASE_URL.
  -->  schema.prisma:10
   | 
 9 |   provider = "postgresql"
10 |   url      = env("DATABASE_URL")
   | 

Validation Error Count: 1
